#
# There is insufficient memory for the Java Runtime Environment to continue.
# Native memory allocation (mmap) failed to map 63963136 bytes for committing reserved memory.
# Possible reasons:
#   The system is out of physical RAM or swap space
#   In 32 bit mode, the process size limit was hit
# Possible solutions:
#   Reduce memory load on the system
#   Increase physical memory or swap space
#   Check if swap backing store is full
#   Use 64 bit Java on a 64 bit OS
#   Decrease Java heap size (-Xmx/-Xms)
#   Decrease number of Java threads
#   Decrease Java thread stack sizes (-Xss)
#   Set larger code cache with -XX:ReservedCodeCacheSize=
# This output file may be truncated or incomplete.
#
#  Out of Memory Error (os_linux.cpp:2643), pid=5853, tid=0x00007f31a2ef6700
#
# JRE version: OpenJDK Runtime Environment (8.0_151-b12) (build 1.8.0_151-8u151-b12-0ubuntu0.16.04.2-b12)
# Java VM: OpenJDK 64-Bit Server VM (25.151-b12 mixed mode linux-amd64 compressed oops)
# Failed to write core dump. Core dumps have been disabled. To enable core dumping, try "ulimit -c unlimited" before starting Java again
#

---------------  T H R E A D  ---------------

Current thread (0x00007f31b8073000):  VMThread [stack: 0x00007f31a2df6000,0x00007f31a2ef7000] [id=5868]

Stack: [0x00007f31a2df6000,0x00007f31a2ef7000],  sp=0x00007f31a2ef54c0,  free space=1021k
Native frames: (J=compiled Java code, j=interpreted, Vv=VM code, C=native code)
V  [libjvm.so+0xa684eb]
V  [libjvm.so+0x4c579c]
V  [libjvm.so+0x8b6b50]
V  [libjvm.so+0x8b0fce]
V  [libjvm.so+0x92b806]
V  [libjvm.so+0x92cb33]
V  [libjvm.so+0x9291fb]
V  [libjvm.so+0x9294ac]
V  [libjvm.so+0x8db3c3]
V  [libjvm.so+0xa6a192]
V  [libjvm.so+0xa6f277]
V  [libjvm.so+0xa6ca47]
V  [libjvm.so+0xa6decf]
V  [libjvm.so+0xa6e3c1]
V  [libjvm.so+0x8b4032]

VM_Operation (0x00007f31bf3cea50): ParallelGCFailedAllocation, mode: safepoint, requested by thread 0x00007f31b800a000


---------------  P R O C E S S  ---------------

Java Threads: ( => current thread )
  0x00007f31b80af000 JavaThread "Service Thread" daemon [_thread_blocked, id=5874, stack(0x00007f31a1e31000,0x00007f31a1f32000)]
  0x00007f31b80ac000 JavaThread "C1 CompilerThread1" daemon [_thread_blocked, id=5873, stack(0x00007f31a1f32000,0x00007f31a2033000)]
  0x00007f31b80a9000 JavaThread "C2 CompilerThread0" daemon [_thread_blocked, id=5872, stack(0x00007f31a2033000,0x00007f31a2134000)]
  0x00007f31b80a7000 JavaThread "Signal Dispatcher" daemon [_thread_blocked, id=5871, stack(0x00007f31a2134000,0x00007f31a2235000)]
  0x00007f31b807f800 JavaThread "Finalizer" daemon [_thread_blocked, id=5870, stack(0x00007f31a2bf4000,0x00007f31a2cf5000)]
  0x00007f31b807b000 JavaThread "Reference Handler" daemon [_thread_blocked, id=5869, stack(0x00007f31a2cf5000,0x00007f31a2df6000)]
  0x00007f31b800a000 JavaThread "main" [_thread_blocked, id=5865, stack(0x00007f31bf2d3000,0x00007f31bf3d4000)]

Other Threads:
=>0x00007f31b8073000 VMThread [stack: 0x00007f31a2df6000,0x00007f31a2ef7000] [id=5868]
  0x00007f31b80b5800 WatcherThread [stack: 0x00007f31a1d30000,0x00007f31a1e31000] [id=5875]

VM state:at safepoint (normal execution)

VM Mutex/Monitor currently owned by a thread:  ([mutex/lock_event])
[0x00007f31b80061b0] Threads_lock - owner thread: 0x00007f31b8073000
[0x00007f31b80066b0] Heap_lock - owner thread: 0x00007f31b800a000

Heap:
 PSYoungGen      total 51200K, used 2032K [0x00000000f0580000, 0x00000000f3980000, 0x0000000100000000)
  eden space 49152K, 0% used [0x00000000f0580000,0x00000000f0580000,0x00000000f3580000)
  from space 2048K, 99% used [0x00000000f3580000,0x00000000f377c030,0x00000000f3780000)
  to   space 2048K, 0% used [0x00000000f3780000,0x00000000f3780000,0x00000000f3980000)
 ParOldGen       total 32768K, used 13250K [0x00000000d1000000, 0x00000000d3000000, 0x00000000f0580000)
  object space 32768K, 40% used [0x00000000d1000000,0x00000000d1cf0b68,0x00000000d3000000)
 Metaspace       used 19250K, capacity 19444K, committed 19584K, reserved 1067008K
  class space    used 2574K, capacity 2666K, committed 2688K, reserved 1048576K

Card table byte_map: [0x00007f31a86ac000,0x00007f31a8825000] byte_map_base: 0x00007f31a8024000

Marking Bits: (ParMarkBitMap*) 0x00007f31be59b2c0
 Begin Bits: [0x00007f319a880000, 0x00007f319b440000)
 End Bits:   [0x00007f319b440000, 0x00007f319c000000)

Polling page: 0x00007f31bf3ee000

CodeCache: size=245760Kb used=5684Kb max_used=5735Kb free=240075Kb
 bounds [0x00007f31a8be5000, 0x00007f31a9185000, 0x00007f31b7be5000]
 total_blobs=1857 nmethods=1271 adapters=500
 compilation: enabled

Compilation events (10 events):
Event: 2.674 Thread 0x00007f31b80ac000 nmethod 1265 0x00007f31a9151710 code [0x00007f31a91518a0, 0x00007f31a9151bc8]
Event: 2.674 Thread 0x00007f31b80ac000 1266       3       java.util.Locale::equals (75 bytes)
Event: 2.674 Thread 0x00007f31b80ac000 nmethod 1266 0x00007f31a9151d50 code [0x00007f31a9151f20, 0x00007f31a9152758]
Event: 3.263 Thread 0x00007f31b80a9000 nmethod 1116 0x00007f31a9160e90 code [0x00007f31a9161be0, 0x00007f31a916e378]
Event: 3.275 Thread 0x00007f31b80a9000 1224       4       java.util.HashMap::getNode (148 bytes)
Event: 3.599 Thread 0x00007f31b80a9000 nmethod 1224 0x00007f31a915da50 code [0x00007f31a915dbc0, 0x00007f31a915de18]
Event: 3.600 Thread 0x00007f31b80a9000 1140       4       java.util.WeakHashMap::remove (133 bytes)
Event: 3.605 Thread 0x00007f31b80a9000 nmethod 1140 0x00007f31a915f310 code [0x00007f31a915f480, 0x00007f31a915f728]
Event: 3.608 Thread 0x00007f31b80a9000 1274   !   4       sun.misc.URLClassPath$JarLoader::getResource (85 bytes)
Event: 3.608 Thread 0x00007f31b80ac000 1275       3       java.lang.CharacterDataLatin1::digit (91 bytes)

GC Heap History (9 events):
Event: 0.588 GC heap before
{Heap before GC invocations=1 (full 0):
 PSYoungGen      total 14336K, used 12288K [0x00000000f0580000, 0x00000000f1580000, 0x0000000100000000)
  eden space 12288K, 100% used [0x00000000f0580000,0x00000000f1180000,0x00000000f1180000)
  from space 2048K, 0% used [0x00000000f1380000,0x00000000f1380000,0x00000000f1580000)
  to   space 2048K, 0% used [0x00000000f1180000,0x00000000f1180000,0x00000000f1380000)
 ParOldGen       total 32768K, used 0K [0x00000000d1000000, 0x00000000d3000000, 0x00000000f0580000)
  object space 32768K, 0% used [0x00000000d1000000,0x00000000d1000000,0x00000000d3000000)
 Metaspace       used 5187K, capacity 5592K, committed 5888K, reserved 1056768K
  class space    used 633K, capacity 696K, committed 768K, reserved 1048576K
Event: 0.601 GC heap after
Heap after GC invocations=1 (full 0):
 PSYoungGen      total 14336K, used 2016K [0x00000000f0580000, 0x00000000f2180000, 0x0000000100000000)
  eden space 12288K, 0% used [0x00000000f0580000,0x00000000f0580000,0x00000000f1180000)
  from space 2048K, 98% used [0x00000000f1180000,0x00000000f1378020,0x00000000f1380000)
  to   space 2048K, 0% used [0x00000000f1f80000,0x00000000f1f80000,0x00000000f2180000)
 ParOldGen       total 32768K, used 289K [0x00000000d1000000, 0x00000000d3000000, 0x00000000f0580000)
  object space 32768K, 0% used [0x00000000d1000000,0x00000000d1048630,0x00000000d3000000)
 Metaspace       used 5187K, capacity 5592K, committed 5888K, reserved 1056768K
  class space    used 633K, capacity 696K, committed 768K, reserved 1048576K
}
Event: 0.851 GC heap before
{Heap before GC invocations=2 (full 0):
 PSYoungGen      total 14336K, used 14304K [0x00000000f0580000, 0x00000000f2180000, 0x0000000100000000)
  eden space 12288K, 100% used [0x00000000f0580000,0x00000000f1180000,0x00000000f1180000)
  from space 2048K, 98% used [0x00000000f1180000,0x00000000f1378020,0x00000000f1380000)
  to   space 2048K, 0% used [0x00000000f1f80000,0x00000000f1f80000,0x00000000f2180000)
 ParOldGen       total 32768K, used 289K [0x00000000d1000000, 0x00000000d3000000, 0x00000000f0580000)
  object space 32768K, 0% used [0x00000000d1000000,0x00000000d1048630,0x00000000d3000000)
 Metaspace       used 7190K, capacity 7352K, committed 7424K, reserved 1056768K
  class space    used 924K, capacity 984K, committed 1024K, reserved 1048576K
Event: 0.854 GC heap after
Heap after GC invocations=2 (full 0):
 PSYoungGen      total 26624K, used 2047K [0x00000000f0580000, 0x00000000f2180000, 0x0000000100000000)
  eden space 24576K, 0% used [0x00000000f0580000,0x00000000f0580000,0x00000000f1d80000)
  from space 2048K, 99% used [0x00000000f1f80000,0x00000000f217fc58,0x00000000f2180000)
  to   space 2048K, 0% used [0x00000000f1d80000,0x00000000f1d80000,0x00000000f1f80000)
 ParOldGen       total 32768K, used 1483K [0x00000000d1000000, 0x00000000d3000000, 0x00000000f0580000)
  object space 32768K, 4% used [0x00000000d1000000,0x00000000d1172d18,0x00000000d3000000)
 Metaspace       used 7190K, capacity 7352K, committed 7424K, reserved 1056768K
  class space    used 924K, capacity 984K, committed 1024K, reserved 1048576K
}
Event: 1.214 GC heap before
{Heap before GC invocations=3 (full 0):
 PSYoungGen      total 26624K, used 26623K [0x00000000f0580000, 0x00000000f2180000, 0x0000000100000000)
  eden space 24576K, 100% used [0x00000000f0580000,0x00000000f1d80000,0x00000000f1d80000)
  from space 2048K, 99% used [0x00000000f1f80000,0x00000000f217fc58,0x00000000f2180000)
  to   space 2048K, 0% used [0x00000000f1d80000,0x00000000f1d80000,0x00000000f1f80000)
 ParOldGen       total 32768K, used 1483K [0x00000000d1000000, 0x00000000d3000000, 0x00000000f0580000)
  object space 32768K, 4% used [0x00000000d1000000,0x00000000d1172d18,0x00000000d3000000)
 Metaspace       used 8666K, capacity 8912K, committed 8960K, reserved 1056768K
  class space    used 1157K, capacity 1248K, committed 1280K, reserved 1048576K
Event: 1.228 GC heap after
Heap after GC invocations=3 (full 0):
 PSYoungGen      total 26624K, used 2016K [0x00000000f0580000, 0x00000000f3980000, 0x0000000100000000)
  eden space 24576K, 0% used [0x00000000f0580000,0x00000000f0580000,0x00000000f1d80000)
  from space 2048K, 98% used [0x00000000f1d80000,0x00000000f1f78020,0x00000000f1f80000)
  to   space 2048K, 0% used [0x00000000f3780000,0x00000000f3780000,0x00000000f3980000)
 ParOldGen       total 32768K, used 3377K [0x00000000d1000000, 0x00000000d3000000, 0x00000000f0580000)
  object space 32768K, 10% used [0x00000000d1000000,0x00000000d134c638,0x00000000d3000000)
 Metaspace       used 8666K, capacity 8912K, committed 8960K, reserved 1056768K
  class space    used 1157K, capacity 1248K, committed 1280K, reserved 1048576K
}
Event: 1.852 GC heap before
{Heap before GC invocations=4 (full 0):
 PSYoungGen      total 26624K, used 26592K [0x00000000f0580000, 0x00000000f3980000, 0x0000000100000000)
  eden space 24576K, 100% used [0x00000000f0580000,0x00000000f1d80000,0x00000000f1d80000)
  from space 2048K, 98% used [0x00000000f1d80000,0x00000000f1f78020,0x00000000f1f80000)
  to   space 2048K, 0% used [0x00000000f3780000,0x00000000f3780000,0x00000000f3980000)
 ParOldGen       total 32768K, used 3377K [0x00000000d1000000, 0x00000000d3000000, 0x00000000f0580000)
  object space 32768K, 10% used [0x00000000d1000000,0x00000000d134c638,0x00000000d3000000)
 Metaspace       used 13880K, capacity 14096K, committed 14208K, reserved 1060864K
  class space    used 1808K, capacity 1888K, committed 1920K, reserved 1048576K
Event: 1.862 GC heap after
Heap after GC invocations=4 (full 0):
 PSYoungGen      total 51200K, used 2032K [0x00000000f0580000, 0x00000000f3980000, 0x0000000100000000)
  eden space 49152K, 0% used [0x00000000f0580000,0x00000000f0580000,0x00000000f3580000)
  from space 2048K, 99% used [0x00000000f3780000,0x00000000f397c030,0x00000000f3980000)
  to   space 2048K, 0% used [0x00000000f3580000,0x00000000f3580000,0x00000000f3780000)
 ParOldGen       total 32768K, used 7941K [0x00000000d1000000, 0x00000000d3000000, 0x00000000f0580000)
  object space 32768K, 24% used [0x00000000d1000000,0x00000000d17c1770,0x00000000d3000000)
 Metaspace       used 13880K, capacity 14096K, committed 14208K, reserved 1060864K
  class space    used 1808K, capacity 1888K, committed 1920K, reserved 1048576K
}
Event: 3.619 GC heap before
{Heap before GC invocations=5 (full 0):
 PSYoungGen      total 51200K, used 51184K [0x00000000f0580000, 0x00000000f3980000, 0x0000000100000000)
  eden space 49152K, 100% used [0x00000000f0580000,0x00000000f3580000,0x00000000f3580000)
  from space 2048K, 99% used [0x00000000f3780000,0x00000000f397c030,0x00000000f3980000)
  to   space 2048K, 0% used [0x00000000f3580000,0x00000000f3580000,0x00000000f3780000)
 ParOldGen       total 32768K, used 7941K [0x00000000d1000000, 0x00000000d3000000, 0x00000000f0580000)
  object space 32768K, 24% used [0x00000000d1000000,0x00000000d17c1770,0x00000000d3000000)
 Metaspace       used 19250K, capacity 19444K, committed 19584K, reserved 1067008K
  class space    used 2574K, capacity 2666K, committed 2688K, reserved 1048576K

Deoptimization events (10 events):
Event: 2.569 Thread 0x00007f31b800a000 Uncommon trap: reason=bimorphic action=maybe_recompile pc=0x00007f31a8f9f678 method=java.lang.ClassLoader.loadClass(Ljava/lang/String;Z)Ljava/lang/Class; @ 38
Event: 2.569 Thread 0x00007f31b800a000 Uncommon trap: reason=bimorphic action=maybe_recompile pc=0x00007f31a8f9f678 method=java.lang.ClassLoader.loadClass(Ljava/lang/String;Z)Ljava/lang/Class; @ 38
Event: 2.600 Thread 0x00007f31b800a000 Uncommon trap: reason=unstable_if action=reinterpret pc=0x00007f31a8d88a64 method=java.lang.AbstractStringBuilder.append(Ljava/lang/String;)Ljava/lang/AbstractStringBuilder; @ 1
Event: 2.600 Thread 0x00007f31b800a000 Uncommon trap: reason=unstable_if action=reinterpret pc=0x00007f31a8d72dac method=java.lang.AbstractStringBuilder.append(Ljava/lang/String;)Ljava/lang/AbstractStringBuilder; @ 1
Event: 3.600 Thread 0x00007f31b800a000 Uncommon trap: reason=unstable_if action=reinterpret pc=0x00007f31a8e58e20 method=java.io.UnixFileSystem.normalize(Ljava/lang/String;)Ljava/lang/String; @ 60
Event: 3.602 Thread 0x00007f31b800a000 Uncommon trap: reason=class_check action=maybe_recompile pc=0x00007f31a8f4bc3c method=sun.misc.URLClassPath.getLoader(I)Lsun/misc/URLClassPath$Loader; @ 94
Event: 3.602 Thread 0x00007f31b800a000 Uncommon trap: reason=class_check action=maybe_recompile pc=0x00007f31a9166e40 method=sun.misc.URLClassPath.getResource(Ljava/lang/String;Z)Lsun/misc/Resource; @ 62
Event: 3.602 Thread 0x00007f31b800a000 Uncommon trap: reason=unstable_if action=reinterpret pc=0x00007f31a8fda080 method=java.lang.String.regionMatches(ZILjava/lang/String;II)Z @ 41
Event: 3.603 Thread 0x00007f31b800a000 Uncommon trap: reason=unstable_if action=reinterpret pc=0x00007f31a8efaf80 method=sun.net.www.ParseUtil.encodePath(Ljava/lang/String;Z)Ljava/lang/String; @ 109
Event: 3.616 Thread 0x00007f31b800a000 Uncommon trap: reason=class_check action=maybe_recompile pc=0x00007f31a8f4bd90 method=sun.misc.URLClassPath.getLoader(I)Lsun/misc/URLClassPath$Loader; @ 239

Internal exceptions (10 events):
Event: 2.600 Thread 0x00007f31b800a000 Implicit null exception at 0x00007f31a8d729f6 to 0x00007f31a8d72d95
Event: 3.609 Thread 0x00007f31b800a000 Exception <a 'java/lang/ClassNotFoundException': groovy/lang/BindingBeanInfo> (0x00000000f33e59a8) thrown at [/build/openjdk-8-W2Qe27/openjdk-8-8u151-b12/src/hotspot/src/share/vm/classfile/systemDictionary.cpp, line 210]
Event: 3.609 Thread 0x00007f31b800a000 Exception <a 'java/lang/ClassNotFoundException': groovy/lang/BindingCustomizer> (0x00000000f33f0910) thrown at [/build/openjdk-8-W2Qe27/openjdk-8-8u151-b12/src/hotspot/src/share/vm/classfile/systemDictionary.cpp, line 210]
Event: 3.616 Thread 0x00007f31b800a000 Exception <a 'java/lang/ClassNotFoundException': build_2zwkov4nfzwn35g9bsavccxh4BeanInfo> (0x00000000f352a110) thrown at [/build/openjdk-8-W2Qe27/openjdk-8-8u151-b12/src/hotspot/src/share/vm/classfile/systemDictionary.cpp, line 210]
Event: 3.617 Thread 0x00007f31b800a000 Exception <a 'java/lang/ClassNotFoundException': org/gradle/api/internal/project/ProjectScriptBeanInfo> (0x00000000f3539658) thrown at [/build/openjdk-8-W2Qe27/openjdk-8-8u151-b12/src/hotspot/src/share/vm/classfile/systemDictionary.cpp, line 210]
Event: 3.617 Thread 0x00007f31b800a000 Exception <a 'java/lang/ClassNotFoundException': org/gradle/groovy/scripts/DefaultScriptBeanInfo> (0x00000000f35478b0) thrown at [/build/openjdk-8-W2Qe27/openjdk-8-8u151-b12/src/hotspot/src/share/vm/classfile/systemDictionary.cpp, line 210]
Event: 3.617 Thread 0x00007f31b800a000 Exception <a 'java/lang/ClassNotFoundException': org/gradle/groovy/scripts/BasicScriptBeanInfo> (0x00000000f3555728) thrown at [/build/openjdk-8-W2Qe27/openjdk-8-8u151-b12/src/hotspot/src/share/vm/classfile/systemDictionary.cpp, line 210]
Event: 3.617 Thread 0x00007f31b800a000 Exception <a 'java/lang/ClassNotFoundException': org/gradle/groovy/scripts/ScriptBeanInfo> (0x00000000f3562bb0) thrown at [/build/openjdk-8-W2Qe27/openjdk-8-8u151-b12/src/hotspot/src/share/vm/classfile/systemDictionary.cpp, line 210]
Event: 3.617 Thread 0x00007f31b800a000 Exception <a 'java/lang/ClassNotFoundException': groovy/lang/ScriptBeanInfo> (0x00000000f356d7b8) thrown at [/build/openjdk-8-W2Qe27/openjdk-8-8u151-b12/src/hotspot/src/share/vm/classfile/systemDictionary.cpp, line 210]
Event: 3.617 Thread 0x00007f31b800a000 Exception <a 'java/lang/ClassNotFoundException': groovy/lang/ScriptCustomizer> (0x00000000f3578e70) thrown at [/build/openjdk-8-W2Qe27/openjdk-8-8u151-b12/src/hotspot/src/share/vm/classfile/systemDictionary.cpp, line 210]

Events (10 events):
Event: 3.617 loading class groovy/lang/ScriptBeanInfo done
Event: 3.617 loading class groovy/lang/ScriptBeanInfo
Event: 3.617 loading class groovy/lang/ScriptBeanInfo done
Event: 3.617 loading class groovy/lang/ScriptCustomizer
Event: 3.617 loading class groovy/lang/ScriptCustomizer done
Event: 3.617 loading class groovy/lang/ScriptCustomizer
Event: 3.617 loading class groovy/lang/ScriptCustomizer done
Event: 3.617 loading class groovy/lang/ScriptCustomizer
Event: 3.617 loading class groovy/lang/ScriptCustomizer done
Event: 3.618 Executing VM operation: ParallelGCFailedAllocation


Dynamic libraries:
00400000-00401000 r-xp 00000000 08:01 287217                             /usr/lib/jvm/java-8-openjdk-amd64/jre/bin/java
00600000-00601000 r--p 00000000 08:01 287217                             /usr/lib/jvm/java-8-openjdk-amd64/jre/bin/java
00601000-00602000 rw-p 00001000 08:01 287217                             /usr/lib/jvm/java-8-openjdk-amd64/jre/bin/java
0174b000-0176c000 rw-p 00000000 00:00 0                                  [heap]
d1000000-d3000000 rw-p 00000000 00:00 0 
d3000000-f0580000 ---p 00000000 00:00 0 
f0580000-f3980000 rw-p 00000000 00:00 0 
f7680000-100000000 ---p 00000000 00:00 0 
100000000-1002a0000 rw-p 00000000 00:00 0 
1002a0000-140000000 ---p 00000000 00:00 0 
7f3174000000-7f3174021000 rw-p 00000000 00:00 0 
7f3174021000-7f3178000000 ---p 00000000 00:00 0 
7f3178fff000-7f317c000000 rw-p 00000000 00:00 0 
7f317c000000-7f317c534000 rw-p 00000000 00:00 0 
7f317c534000-7f3180000000 ---p 00000000 00:00 0 
7f3180000000-7f3180021000 rw-p 00000000 00:00 0 
7f3180021000-7f3184000000 ---p 00000000 00:00 0 
7f3184000000-7f3184021000 rw-p 00000000 00:00 0 
7f3184021000-7f3188000000 ---p 00000000 00:00 0 
7f3188000000-7f3189fe6000 rw-p 00000000 00:00 0 
7f3189fe6000-7f318c000000 ---p 00000000 00:00 0 
7f318c000000-7f318c021000 rw-p 00000000 00:00 0 
7f318c021000-7f3190000000 ---p 00000000 00:00 0 
7f3190000000-7f3190021000 rw-p 00000000 00:00 0 
7f3190021000-7f3194000000 ---p 00000000 00:00 0 
7f3194000000-7f3194021000 rw-p 00000000 00:00 0 
7f3194021000-7f3198000000 ---p 00000000 00:00 0 
7f319a880000-7f319c000000 rw-p 00000000 00:00 0 
7f319c000000-7f319c029000 rw-p 00000000 00:00 0 
7f319c029000-7f31a0000000 ---p 00000000 00:00 0 
7f31a0176000-7f31a01f6000 rw-p 00000000 00:00 0 
7f31a01f6000-7f31a0376000 ---p 00000000 00:00 0 
7f31a0408000-7f31a0419000 r-xp 00000000 08:01 287191                     /usr/lib/jvm/java-8-openjdk-amd64/jre/lib/amd64/libnio.so
7f31a0419000-7f31a0619000 ---p 00011000 08:01 287191                     /usr/lib/jvm/java-8-openjdk-amd64/jre/lib/amd64/libnio.so
7f31a0619000-7f31a061a000 r--p 00011000 08:01 287191                     /usr/lib/jvm/java-8-openjdk-amd64/jre/lib/amd64/libnio.so
7f31a061a000-7f31a061b000 rw-p 00012000 08:01 287191                     /usr/lib/jvm/java-8-openjdk-amd64/jre/lib/amd64/libnio.so
7f31a061b000-7f31a081b000 rw-p 00000000 00:00 0 
7f31a081b000-7f31a0a1b000 rw-p 00000000 00:00 0 
7f31a0a1b000-7f31a0a32000 r-xp 00000000 08:01 287178                     /usr/lib/jvm/java-8-openjdk-amd64/jre/lib/amd64/libnet.so
7f31a0a32000-7f31a0c31000 ---p 00017000 08:01 287178                     /usr/lib/jvm/java-8-openjdk-amd64/jre/lib/amd64/libnet.so
7f31a0c31000-7f31a0c32000 r--p 00016000 08:01 287178                     /usr/lib/jvm/java-8-openjdk-amd64/jre/lib/amd64/libnet.so
7f31a0c32000-7f31a0c33000 rw-p 00017000 08:01 287178                     /usr/lib/jvm/java-8-openjdk-amd64/jre/lib/amd64/libnet.so
7f31a0c33000-7f31a0e33000 rw-p 00000000 00:00 0 
7f31a0e33000-7f31a0eac000 r--s 010fe000 08:01 288861                     /usr/lib/jvm/java-8-openjdk-amd64/lib/tools.jar
7f31a0eac000-7f31a10ac000 rw-p 00000000 00:00 0 
7f31a10ac000-7f31a10ae000 r--s 00005000 08:01 290114                     /usr/share/java/gradle-tooling-api-builders-2.10.jar
7f31a10ae000-7f31a10af000 r--s 00004000 08:01 290094                     /usr/share/java/gradle-resources-sftp-2.10.jar
7f31a10af000-7f31a10b0000 r--s 00001000 08:01 290092                     /usr/share/java/gradle-plugin-development-2.10.jar
7f31a10b0000-7f31a10b2000 r--s 00005000 08:01 290117                     /usr/share/java/gradle-testing-native-2.10.jar
7f31a10b2000-7f31a10b6000 r--s 0002b000 08:01 290095                     /usr/share/java/gradle-ide-native-2.10.jar
7f31a10b6000-7f31a10bb000 r--s 0001a000 08:01 290103                     /usr/share/java/gradle-language-native-2.10.jar
7f31a10bb000-7f31a10c1000 r--s 00027000 08:01 290096                     /usr/share/java/gradle-platform-play-2.10.jar
7f31a10c1000-7f31a10ce000 r--s 0004f000 08:01 290107                     /usr/share/java/gradle-platform-native-2.10.jar
7f31a10ce000-7f31a10d1000 r--s 00007000 08:01 290098                     /usr/share/java/gradle-language-scala-2.10.jar
7f31a10d1000-7f31a10d3000 r--s 00009000 08:01 290100                     /usr/share/java/gradle-language-groovy-2.10.jar
7f31a10d3000-7f31a10d9000 r--s 00023000 08:01 290108                     /usr/share/java/gradle-language-java-2.10.jar
7f31a10d9000-7f31a10db000 r--s 00008000 08:01 290111                     /usr/share/java/gradle-language-jvm-2.10.jar
7f31a10db000-7f31a10de000 r--s 00015000 08:01 290120                     /usr/share/java/gradle-platform-jvm-2.10.jar
7f31a10de000-7f31a10e6000 r--s 0002b000 08:01 290115                     /usr/share/java/gradle-platform-base-2.10.jar
7f31a10e6000-7f31a10ea000 r--s 00020000 08:01 290112                     /usr/share/java/gradle-build-init-2.10.jar
7f31a10ea000-7f31a10ed000 r--s 00017000 08:01 290121                     /usr/share/java/gradle-jacoco-2.10.jar
7f31a10ed000-7f31a10f0000 r--s 0000e000 08:01 290104                     /usr/share/java/gradle-ivy-2.10.jar
7f31a10f0000-7f31a10f2000 r--s 00002000 08:01 290089                     /usr/share/java/gradle-publish-2.10.jar
7f31a10f2000-7f31a10f4000 r--s 00011000 08:01 290118                     /usr/share/java/gradle-reporting-2.10.jar
7f31a10f4000-7f31a10fa000 r--s 00036000 08:01 290102                     /usr/share/java/gradle-diagnostics-2.10.jar
7f31a10fa000-7f31a10fb000 r--s 00006000 08:01 289539                     /usr/share/java/gradle-wrapper-2.10.jar
7f31a10fb000-7f31a1107000 r--s 0003a000 08:01 289543                     /usr/share/java/gradle-tooling-api-2.10.jar
7f31a1107000-7f31a110a000 r--s 00015000 08:01 290120                     /usr/share/java/gradle-platform-jvm-2.10.jar
7f31a110a000-7f31a110c000 r--s 00008000 08:01 290111                     /usr/share/java/gradle-language-jvm-2.10.jar
7f31a110c000-7f31a1112000 r--s 00023000 08:01 290108                     /usr/share/java/gradle-language-java-2.10.jar
7f31a1112000-7f31a1114000 r--s 00009000 08:01 290100                     /usr/share/java/gradle-language-groovy-2.10.jar
7f31a1114000-7f31a1116000 r--s 00005000 08:01 289764                     /usr/share/java/jatl.jar
7f31a1116000-7f31a1118000 r--s 00011000 08:01 290118                     /usr/share/java/gradle-reporting-2.10.jar
7f31a1118000-7f31a1120000 r--s 0002b000 08:01 290115                     /usr/share/java/gradle-platform-base-2.10.jar
7f31a1120000-7f31a1126000 r--s 00036000 08:01 290102                     /usr/share/java/gradle-diagnostics-2.10.jar
7f31a1126000-7f31a1141000 r--s 000c9000 08:01 290116                     /usr/share/java/gradle-dependency-management-2.10.jar
7f31a1141000-7f31a114d000 r--s 00073000 08:01 290105                     /usr/share/java/gradle-plugins-2.10.jar
7f31a114d000-7f31a114f000 r--s 0000b000 08:01 290122                     /usr/share/java/gradle-ear-2.10.jar
7f31a114f000-7f31a1186000 r--s 001bb000 08:01 289531                     /usr/share/java/gradle-core-2.10.jar
7f31a1186000-7f31a118d000 r--s 0002d000 08:01 290101                     /usr/share/java/gradle-build-comparison-2.10.jar
7f31a118d000-7f31a119a000 r--s 0010b000 08:01 290002                     /usr/share/java/js-1.7R4.jar
7f31a119a000-7f31a119e000 r--s 00015000 08:01 290106                     /usr/share/java/gradle-javascript-2.10.jar
7f31a119e000-7f31a11a0000 r--s 0000b000 08:01 290122                     /usr/share/java/gradle-ear-2.10.jar
7f31a11a0000-7f31a11a7000 r--s 00034000 08:01 289743                     /usr/share/java/bcpg-1.51.jar
7f31a11a7000-7f31a11aa000 r--s 00016000 08:01 290097                     /usr/share/java/gradle-signing-2.10.jar
7f31a11aa000-7f31a11ac000 r--s 00010000 08:01 290123                     /usr/share/java/gradle-scala-2.10.jar
7f31a11ac000-7f31a11ae000 r--s 0000a000 08:01 290093                     /usr/share/java/gradle-announce-2.10.jar
7f31a11ae000-7f31a11bc000 r--s 0009f000 08:01 290119                     /usr/share/java/gradle-ide-2.10.jar
7f31a11bc000-7f31a11be000 r--s 0000d000 08:01 289994                     /usr/share/java/pmaven-groovy-0.8-tobrien-SNAPSHOT.jar
7f31a11be000-7f31a11bf000 r--s 00004000 08:01 289993                     /usr/share/java/pmaven-common-0.8-tobrien-SNAPSHOT.jar
7f31a11bf000-7f31a11c5000 r--s 00022000 08:01 290099                     /usr/share/java/gradle-maven-2.10.jar
7f31a11c5000-7f31a11e5000 r--s 001b8000 08:01 289089                     /usr/share/java/bndlib-2.4.1.jar
7f31a11e5000-7f31a11e7000 r--s 00004000 08:01 290090                     /usr/share/java/gradle-osgi-2.10.jar
7f31a11e7000-7f31a11e9000 r--s 00008000 08:01 290091                     /usr/share/java/gradle-antlr-2.10.jar
7f31a11e9000-7f31a11eb000 r--s 00005000 08:01 289919                     /usr/share/java/jetty-naming-6.1.26.jar
7f31a11eb000-7f31a11ec000 r--s 00002000 08:01 289926                     /usr/share/java/jetty-annotations-6.1.26.jar
7f31a11ec000-7f31a11ef000 r--s 0000d000 08:01 287543                     /usr/share/java/jsp-api-2.3.jar
7f31a11ef000-7f31a11f1000 r--s 00012000 08:01 287541                     /usr/share/java/el-api-3.0.jar
7f31a11f1000-7f31a1201000 r--s 00194000 08:01 289800                     /usr/share/java/eclipse-ecj-3.10.0.jar
7f31a1201000-7f31a1208000 r--s 00089000 08:01 290031                     /usr/share/java/tomcat8-jasper-8.0.32.jar
7f31a1208000-7f31a1209000 r--s 00002000 08:01 289902                     /usr/share/java/geronimo-jta_1.1_spec-1.1.1.jar
7f31a1209000-7f31a1212000 r--s 0008b000 08:01 289781                     /usr/share/java/javax.mail.jar
7f31a1212000-7f31a1214000 r--s 0000c000 08:01 289925                     /usr/share/java/jetty-plus-6.1.26.jar
7f31a1214000-7f31a1218000 r--s 00038000 08:01 287542                     /usr/share/java/servlet-api-3.1.jar
7f31a1218000-7f31a121b000 r--s 00028000 08:01 288344                     /usr/share/java/jetty-util-6.1.26.jar
7f31a121b000-7f31a1222000 r--s 0007b000 08:01 288345                     /usr/share/java/jetty-6.1.26.jar
7f31a1222000-7f31a1224000 r--s 00009000 08:01 290110                     /usr/share/java/gradle-jetty-2.10.jar
7f31a1224000-7f31a122a000 r--s 00037000 08:01 290088                     /usr/share/java/gradle-code-quality-2.10.jar
7f31a122a000-7f31a122c000 r--s 0000a000 08:01 287582                     /usr/share/java/commons-cli-1.3.1.jar
7f31a122c000-7f31a122f000 r--s 0000d000 08:01 290068                     /usr/share/java/jcommander.jar
7f31a122f000-7f31a123d000 r--s 000c8000 08:01 290078                     /usr/share/java/testng.jar
7f31a123d000-7f31a123f000 r--s 0000a000 08:01 287441                     /usr/share/java/hamcrest-core-1.3.jar
7f31a123f000-7f31a1247000 r--s 00045000 08:01 287459                     /usr/share/java/junit4-4.12.jar
7f31a1247000-7f31a1253000 r--s 00073000 08:01 290105                     /usr/share/java/gradle-plugins-2.10.jar
7f31a1253000-7f31a125a000 r--s 00044000 08:01 287926                     /usr/share/java/httpcore.jar
7f31a125a000-7f31a1260000 r--s 0005b000 08:01 289412                     /usr/share/java/jcifs-1.3.18.jar
7f31a1260000-7f31a1267000 r--s 00040000 08:01 287594                     /usr/share/java/commons-codec-1.10.jar
7f31a1267000-7f31a1270000 r--s 00031000 08:01 287979                     /usr/share/java/xml-apis-1.4.01.jar
7f31a1270000-7f31a1272000 r--s 00015000 08:01 287968                     /usr/share/java/xml-resolver-1.2.jar
7f31a1272000-7f31a1277000 r--s 00010000 08:01 287978                     /usr/share/java/xml-apis-ext-1.4.01.jar
7f31a1277000-7f31a1290000 r--s 00132000 08:01 287990                     /usr/share/java/xercesImpl-2.11.0.jar
7f31a1290000-7f31a1293000 r--s 0001c000 08:01 289523                     /usr/share/java/nekohtml-1.9.22.jar
7f31a1293000-7f31a12a0000 r--s 000a5000 08:01 287938                     /usr/share/java/httpclient.jar
7f31a12a0000-7f31a12a2000 r--s 00009000 08:01 290124                     /usr/share/java/gradle-resources-http-2.10.jar
7f31a12a2000-7f31a12a5000 r--s 00011000 08:01 290109                     /usr/share/java/gradle-plugin-use-2.10.jar
7f31a12a5000-7f31a12a9000 r--s 00031000 08:01 288033                     /usr/share/java/plexus-utils-1.5.15.jar
7f31a12a9000-7f31a12ab000 r--s 00000000 08:01 288534                     /usr/share/java/plexus-component-annotations-1.5.jar
7f31a12ab000-7f31a12ad000 r--s 0000a000 08:01 288628                     /usr/share/java/maven3-plugin-api-3.3.9.jar
7f31a12ad000-7f31a12b4000 r--s 0005d000 08:01 287665                     /usr/share/java/commons-lang3.jar
7f31a12b4000-7f31a12b9000 r--s 00025000 08:01 288632                     /usr/share/java/maven3-model-builder-3.3.9.jar
7f31a12b9000-7f31a12ba000 r--s 00006000 08:01 288446                     /usr/share/java/plexus-sec-dispatcher.jar
7f31a12ba000-7f31a12bc000 r--s 0000e000 08:01 288019                     /usr/share/java/plexus-interpolation.jar
7f31a12bc000-7f31a12be000 r--s 0000d000 08:01 288635                     /usr/share/java/maven3-aether-provider-3.3.9.jar
7f31a12be000-7f31a12bf000 r--s 00006000 08:01 288631                     /usr/share/java/maven3-repository-metadata-3.3.9.jar
7f31a12bf000-7f31a12c2000 r--s 0000a000 08:01 288638                     /usr/share/java/maven3-artifact-3.3.9.jar
7f31a12c2000-7f31a12c7000 r--s 0001d000 08:01 288251                     /usr/share/java/eclipse-aether-api.jar
7f31a12c7000-7f31a12c8000 r--s 00001000 08:01 288602                     /usr/share/java/wagon-file-2.x.jar
7f31a12c8000-7f31a12ca000 r--s 00001000 08:01 288637                     /usr/share/java/maven3-builder-support-3.3.9.jar
7f31a12ca000-7f31a12cd000 r--s 00007000 08:01 288636                     /usr/share/java/maven3-settings-builder-3.3.9.jar
7f31a12cd000-7f31a12d4000 r--s 00041000 08:01 288629                     /usr/share/java/maven3-compat-3.3.9.jar
7f31a12d4000-7f31a12d8000 r--s 00020000 08:01 288252                     /usr/share/java/eclipse-aether-util.jar
7f31a12d8000-7f31a12da000 r--s 00027000 08:01 288634                     /usr/share/java/maven3-model-3.3.9.jar
7f31a12da000-7f31a12db000 r--s 00006000 08:01 288604                     /usr/share/java/wagon-http-2.x.jar
7f31a12db000-7f31a12dc000 r--s 0000a000 08:01 288627                     /usr/share/java/maven3-settings-3.3.9.jar
7f31a12dc000-7f31a12dd000 r--s 00001000 08:01 288609                     /usr/share/java/wagon-http-shared-2.x.jar
7f31a12dd000-7f31a12e4000 r--s 0002f000 08:01 288524                     /usr/share/java/plexus-container-default-1.5.jar
7f31a12e4000-7f31a12e6000 r--s 0000b000 08:01 288152                     /usr/share/java/plexus-classworlds.jar
7f31a12e6000-7f31a12e8000 r--s 00002000 08:01 288439                     /usr/share/java/plexus-cipher.jar
7f31a12e8000-7f31a12ea000 r--s 0000a000 08:01 288603                     /usr/share/java/wagon-provider-api-2.x.jar
7f31a12ea000-7f31a12ee000 r--s 00027000 08:01 288244                     /usr/share/java/eclipse-aether-impl.jar
7f31a12ee000-7f31a12f0000 r--s 00006000 08:01 288249                     /usr/share/java/eclipse-aether-spi.jar
7f31a12f0000-7f31a12f4000 r--s 00040000 08:01 288109                     /usr/share/java/jsch-0.1.53.jar
7f31a12f4000-7f31a1334000 r--s 0024e000 08:01 289732                     /usr/share/java/bcprov-1.51.jar
7f31a1334000-7f31a1341000 r--s 0008d000 08:01 288630                     /usr/share/java/maven3-core-3.3.9.jar
7f31a1341000-7f31a1356000 r--s 00124000 08:01 289109                     /usr/share/java/ivy-2.3.0.jar
7f31a1356000-7f31a1371000 r--s 000c9000 08:01 290116                     /usr/share/java/gradle-dependency-management-2.10.jar
7f31a1371000-7f31a137a000 r-xp 00000000 08:01 287161                     /usr/lib/jvm/java-8-openjdk-amd64/jre/lib/amd64/libmanagement.so
7f31a137a000-7f31a1579000 ---p 00009000 08:01 287161                     /usr/lib/jvm/java-8-openjdk-amd64/jre/lib/amd64/libmanagement.so
7f31a1579000-7f31a157a000 r--p 00008000 08:01 287161                     /usr/lib/jvm/java-8-openjdk-amd64/jre/lib/amd64/libmanagement.so
7f31a157a000-7f31a157b000 rw-p 00009000 08:01 287161                     /usr/lib/jvm/java-8-openjdk-amd64/jre/lib/amd64/libmanagement.so
7f31a157b000-7f31a15a0000 r-xp 00000000 08:01 137297                     /lib/x86_64-linux-gnu/libtinfo.so.5.9
7f31a15a0000-7f31a179f000 ---p 00025000 08:01 137297                     /lib/x86_64-linux-gnu/libtinfo.so.5.9
7f31a179f000-7f31a17a3000 r--p 00024000 08:01 137297                     /lib/x86_64-linux-gnu/libtinfo.so.5.9
7f31a17a3000-7f31a17a4000 rw-p 00028000 08:01 137297                     /lib/x86_64-linux-gnu/libtinfo.so.5.9
7f31a17a4000-7f31a17a5000 r--s 00008000 08:01 288247                     /usr/share/java/eclipse-aether-connector-basic.jar
7f31a17a5000-7f31a17a9000 r--s 0001f000 08:01 288168                     /usr/share/java/xbean-reflect.jar
7f31a17a9000-7f31a17ae000 r--s 0002e000 08:01 289754                     /usr/share/java/gson.jar
7f31a17ae000-7f31a17b3000 r--s 0009a000 08:01 287199                     /usr/lib/jvm/java-8-openjdk-amd64/jre/lib/jsse.jar
7f31a17b3000-7f31a17ba000 r--s 00000000 08:01 394748                     /usr/lib/x86_64-linux-gnu/gconv/gconv-modules.cache
7f31a17ba000-7f31a17bd000 r-xp 00000000 08:01 289502                     /usr/lib/jni/libnative-platform-curses.so
7f31a17bd000-7f31a19bc000 ---p 00003000 08:01 289502                     /usr/lib/jni/libnative-platform-curses.so
7f31a19bc000-7f31a19bd000 r--p 00002000 08:01 289502                     /usr/lib/jni/libnative-platform-curses.so
7f31a19bd000-7f31a19be000 rw-p 00003000 08:01 289502                     /usr/lib/jni/libnative-platform-curses.so
7f31a19be000-7f31a19c1000 r-xp 00000000 08:01 289503                     /usr/lib/jni/libnative-platform.so
7f31a19c1000-7f31a1bc0000 ---p 00003000 08:01 289503                     /usr/lib/jni/libnative-platform.so
7f31a1bc0000-7f31a1bc1000 r--p 00002000 08:01 289503                     /usr/lib/jni/libnative-platform.so
7f31a1bc1000-7f31a1bc2000 rw-p 00003000 08:01 289503                     /usr/lib/jni/libnative-platform.so
7f31a1bc2000-7f31a1bc3000 r--s 00006000 08:01 289539                     /usr/share/java/gradle-wrapper-2.10.jar
7f31a1bc3000-7f31a1bcf000 r--s 0003a000 08:01 289543                     /usr/share/java/gradle-tooling-api-2.10.jar
7f31a1bcf000-7f31a1bd1000 r--s 00002000 08:01 289533                     /usr/share/java/gradle-open-api-2.10.jar
7f31a1bd1000-7f31a1bd7000 r--s 00031000 08:01 287701                     /usr/share/java/jaxen-1.1.6.jar
7f31a1bd7000-7f31a1bdc000 r--s 0003f000 08:01 287831                     /usr/share/java/dom4j-1.6.1.jar
7f31a1bdc000-7f31a1be7000 r--s 00059000 08:01 290220                     /usr/share/java/gradle-ui-2.10.jar
7f31a1be7000-7f31a1bea000 r--s 00008000 08:01 289541                     /usr/share/java/gradle-resources-2.10.jar
7f31a1bea000-7f31a1bf3000 r--s 0003f000 08:01 289538                     /usr/share/java/gradle-messaging-2.10.jar
7f31a1bf3000-7f31a1bf5000 r--s 00008000 08:01 289536                     /usr/share/java/gradle-native-2.10.jar
7f31a1bf5000-7f31a1bf7000 r--s 00005000 08:01 289534                     /usr/share/java/gradle-cli-2.10.jar
7f31a1bf7000-7f31a1bf8000 r--s 00007000 08:01 289532                     /usr/share/java/gradle-model-groovy-2.10.jar
7f31a1bf8000-7f31a1bfa000 r--s 00005000 08:01 289537                     /usr/share/java/gradle-base-services-groovy-2.10.jar
7f31a1bfa000-7f31a1c08000 r--s 00072000 08:01 289535                     /usr/share/java/gradle-model-core-2.10.jar
7f31a1c08000-7f31a1c09000 r--s 00000000 08:01 289540                     /usr/share/java/gradle-docs-2.10.jar
7f31a1c09000-7f31a1c10000 r--s 00034000 08:01 289542                     /usr/share/java/gradle-base-services-2.10.jar
7f31a1c10000-7f31a1c47000 r--s 001bb000 08:01 289531                     /usr/share/java/gradle-core-2.10.jar
7f31a1c47000-7f31a1c51000 r--s 0004a000 08:01 290221                     /usr/share/java/gradle-launcher-2.10.jar
7f31a1c51000-7f31a1c52000 r--s 00004000 08:01 287346                     /usr/share/java/ant-launcher-1.9.6.jar
7f31a1c52000-7f31a1c71000 r--s 001d1000 08:01 287345                     /usr/share/java/ant-1.9.6.jar
7f31a1c71000-7f31a1c78000 r--s 00034000 08:01 289542                     /usr/share/java/gradle-base-services-2.10.jar
7f31a1c78000-7f31a1c7a000 r--s 00004000 08:01 288083                     /usr/share/java/log4j-over-slf4j.jar
7f31a1c7a000-7f31a1c7c000 r--s 00000000 08:01 288076                     /usr/share/java/jul-to-slf4j.jar
7f31a1c7c000-7f31a1c80000 r--s 0001c000 08:01 289405                     /usr/share/java/jarjar-1.4-SNAPSHOT.jar
7f31a1c80000-7f31a1c83000 r--s 00008000 08:01 289541                     /usr/share/java/gradle-resources-2.10.jar
7f31a1c83000-7f31a1c86000 r--s 0000c000 08:01 289511                     /usr/share/java/native-platform-0.10.jar
7f31a1c86000-7f31a1c94000 r--s 00072000 08:01 289535                     /usr/share/java/gradle-model-core-2.10.jar
7f31a1c94000-7f31a1d04000 r--s 0063f000 08:01 289331                     /usr/share/java/groovy-all-2.x.jar
7f31a1d04000-7f31a1d30000 r--s 00208000 08:01 288138                     /usr/share/java/guava.jar
7f31a1d30000-7f31a1d31000 ---p 00000000 00:00 0 
7f31a1d31000-7f31a1e31000 rw-p 00000000 00:00 0 
7f31a1e31000-7f31a1e34000 ---p 00000000 00:00 0 
7f31a1e34000-7f31a1f32000 rw-p 00000000 00:00 0 
7f31a1f32000-7f31a1f35000 ---p 00000000 00:00 0 
7f31a1f35000-7f31a2033000 rw-p 00000000 00:00 0 
7f31a2033000-7f31a2036000 ---p 00000000 00:00 0 
7f31a2036000-7f31a2134000 rw-p 00000000 00:00 0 
7f31a2134000-7f31a2137000 ---p 00000000 00:00 0 
7f31a2137000-7f31a2235000 rw-p 00000000 00:00 0 
7f31a2235000-7f31a2bf4000 r--p 00000000 08:01 9203                       /usr/lib/locale/locale-archive
7f31a2bf4000-7f31a2bf7000 ---p 00000000 00:00 0 
7f31a2bf7000-7f31a2cf5000 rw-p 00000000 00:00 0 
7f31a2cf5000-7f31a2cf8000 ---p 00000000 00:00 0 
7f31a2cf8000-7f31a2df6000 rw-p 00000000 00:00 0 
7f31a2df6000-7f31a2df7000 ---p 00000000 00:00 0 
7f31a2df7000-7f31a4000000 rw-p 00000000 00:00 0 
7f31a4000000-7f31a4021000 rw-p 00000000 00:00 0 
7f31a4021000-7f31a8000000 ---p 00000000 00:00 0 
7f31a8000000-7f31a8002000 r--s 00003000 08:01 288077                     /usr/share/java/jcl-over-slf4j.jar
7f31a8002000-7f31a8006000 r--s 00024000 08:01 289444                     /usr/share/java/jna-4.2.2.jar
7f31a8006000-7f31a8007000 r--s 00003000 08:01 289126                     /usr/share/java/hawtjni-runtime-1.10.jar
7f31a8007000-7f31a8008000 r--s 00001000 08:01 289177                     /usr/share/java/jansi-native-1.0.jar
7f31a8008000-7f31a8009000 r--s 00005000 08:01 289217                     /usr/share/java/jansi-1.4.jar
7f31a8009000-7f31a800b000 r--s 00008000 08:01 289536                     /usr/share/java/gradle-native-2.10.jar
7f31a800b000-7f31a800c000 r--s 00007000 08:01 289532                     /usr/share/java/gradle-model-groovy-2.10.jar
7f31a800c000-7f31a800d000 r--s 00000000 08:01 289423                     /usr/share/java/jcip-annotations-1.0.jar
7f31a800d000-7f31a800f000 r--s 0000c000 08:01 287490                     /usr/share/java/asm4-5.0.4.jar
7f31a800f000-7f31a8010000 r--s 00003000 08:01 289465                     /usr/share/java/reflectasm-1.05.jar
7f31a8010000-7f31a8012000 r--s 0000a000 08:01 288055                     /usr/share/java/objenesis.jar
7f31a8012000-7f31a8013000 r--s 00000000 08:01 289458                     /usr/share/java/minlog-1.2.jar
7f31a8013000-7f31a8017000 r--s 00026000 08:01 289475                     /usr/share/java/kryo-2.20.jar
7f31a8017000-7f31a8020000 r--s 0003f000 08:01 289538                     /usr/share/java/gradle-messaging-2.10.jar
7f31a8020000-7f31a8021000 r--s 00000000 08:01 289540                     /usr/share/java/gradle-docs-2.10.jar
7f31a8021000-7f31a8023000 r--s 00005000 08:01 289534                     /usr/share/java/gradle-cli-2.10.jar
7f31a8023000-7f31a8025000 r--s 00007000 08:01 288082                     /usr/share/java/slf4j-api.jar
7f31a8025000-7f31a802c000 r--s 00034000 08:01 289542                     /usr/share/java/gradle-base-services-2.10.jar
7f31a802c000-7f31a802e000 r--s 00005000 08:01 289537                     /usr/share/java/gradle-base-services-groovy-2.10.jar
7f31a802e000-7f31a8033000 r--s 00040000 08:01 287651                     /usr/share/java/commons-lang-2.6.jar
7f31a8033000-7f31a8037000 r--s 00027000 08:01 287639                     /usr/share/java/commons-io-2.4.jar
7f31a8037000-7f31a8044000 r--s 00080000 08:01 289390                     /usr/share/java/commons-collections3-3.2.2.jar
7f31a8044000-7f31a8045000 r--s 00000000 08:01 287505                     /usr/share/java/atinject-jsr330-api-1.0.jar
7f31a8045000-7f31a804b000 r--s 0003b000 08:01 287488                     /usr/share/java/asm4-all-5.0.4.jar
7f31a804b000-7f31a806a000 r--s 001d1000 08:01 287345                     /usr/share/java/ant-1.9.6.jar
7f31a806a000-7f31a806b000 r--s 00004000 08:01 287346                     /usr/share/java/ant-launcher-1.9.6.jar
7f31a806b000-7f31a80a2000 r--s 001bb000 08:01 289531                     /usr/share/java/gradle-core-2.10.jar
7f31a80a2000-7f31a80ac000 r--s 0004a000 08:01 290221                     /usr/share/java/gradle-launcher-2.10.jar
7f31a80ac000-7f31a80b2000 r--s 0003a000 08:01 287142                     /usr/lib/jvm/java-8-openjdk-amd64/jre/lib/ext/sunjce_provider.jar
7f31a80b2000-7f31a80cd000 r--s 001d6000 08:01 287141                     /usr/lib/jvm/java-8-openjdk-amd64/jre/lib/ext/nashorn.jar
7f31a80cd000-7f31a80d1000 r--s 00037000 08:01 287145                     /usr/lib/jvm/java-8-openjdk-amd64/jre/lib/ext/sunpkcs11.jar
7f31a80d1000-7f31a80ec000 r--s 00394000 08:01 287139                     /usr/lib/jvm/java-8-openjdk-amd64/jre/lib/ext/cldrdata.jar
7f31a80ec000-7f31a80ed000 r--s 00010000 08:01 287140                     /usr/lib/jvm/java-8-openjdk-amd64/jre/lib/ext/zipfs.jar
7f31a80ed000-7f31a82bc000 r--s 03c21000 08:01 287134                     /usr/lib/jvm/java-8-openjdk-amd64/jre/lib/rt.jar
7f31a82bc000-7f31a84aa000 rw-p 00000000 00:00 0 
7f31a84aa000-7f31a84ab000 ---p 00000000 00:00 0 
7f31a84ab000-7f31a85ab000 rw-p 00000000 00:00 0 
7f31a85ab000-7f31a85ac000 ---p 00000000 00:00 0 
7f31a85ac000-7f31a86bc000 rw-p 00000000 00:00 0 
7f31a86bc000-7f31a87a6000 ---p 00000000 00:00 0 
7f31a87a6000-7f31a87c1000 rw-p 00000000 00:00 0 
7f31a87c1000-7f31a8824000 ---p 00000000 00:00 0 
7f31a8824000-7f31a883c000 rw-p 00000000 00:00 0 
7f31a883c000-7f31a8be5000 ---p 00000000 00:00 0 
7f31a8be5000-7f31a9185000 rwxp 00000000 00:00 0 
7f31a9185000-7f31b7be5000 ---p 00000000 00:00 0 
7f31b7be5000-7f31b7bed000 r-xp 00000000 08:01 287185                     /usr/lib/jvm/java-8-openjdk-amd64/jre/lib/amd64/libzip.so
7f31b7bed000-7f31b7dec000 ---p 00008000 08:01 287185                     /usr/lib/jvm/java-8-openjdk-amd64/jre/lib/amd64/libzip.so
7f31b7dec000-7f31b7ded000 r--p 00007000 08:01 287185                     /usr/lib/jvm/java-8-openjdk-amd64/jre/lib/amd64/libzip.so
7f31b7ded000-7f31b7dee000 rw-p 00008000 08:01 287185                     /usr/lib/jvm/java-8-openjdk-amd64/jre/lib/amd64/libzip.so
7f31b7dee000-7f31b7df9000 r-xp 00000000 08:01 137224                     /lib/x86_64-linux-gnu/libnss_files-2.23.so
7f31b7df9000-7f31b7ff8000 ---p 0000b000 08:01 137224                     /lib/x86_64-linux-gnu/libnss_files-2.23.so
7f31b7ff8000-7f31b7ff9000 r--p 0000a000 08:01 137224                     /lib/x86_64-linux-gnu/libnss_files-2.23.so
7f31b7ff9000-7f31b7ffa000 rw-p 0000b000 08:01 137224                     /lib/x86_64-linux-gnu/libnss_files-2.23.so
7f31b7ffa000-7f31b8000000 rw-p 00000000 00:00 0 
7f31b8000000-7f31b96b4000 rw-p 00000000 00:00 0 
7f31b96b4000-7f31bc000000 ---p 00000000 00:00 0 
7f31bc000000-7f31bc003000 r--s 0000f000 08:01 287138                     /usr/lib/jvm/java-8-openjdk-amd64/jre/lib/ext/icedtea-sound.jar
7f31bc003000-7f31bc005000 r--s 00001000 08:01 287147                     /usr/lib/jvm/java-8-openjdk-amd64/jre/lib/ext/dnsns.jar
7f31bc005000-7f31bc078000 rw-p 00000000 00:00 0 
7f31bc078000-7f31bc163000 ---p 00000000 00:00 0 
7f31bc163000-7f31bc16e000 r-xp 00000000 08:01 137234                     /lib/x86_64-linux-gnu/libnss_nis-2.23.so
7f31bc16e000-7f31bc36d000 ---p 0000b000 08:01 137234                     /lib/x86_64-linux-gnu/libnss_nis-2.23.so
7f31bc36d000-7f31bc36e000 r--p 0000a000 08:01 137234                     /lib/x86_64-linux-gnu/libnss_nis-2.23.so
7f31bc36e000-7f31bc36f000 rw-p 0000b000 08:01 137234                     /lib/x86_64-linux-gnu/libnss_nis-2.23.so
7f31bc36f000-7f31bc385000 r-xp 00000000 08:01 137218                     /lib/x86_64-linux-gnu/libnsl-2.23.so
7f31bc385000-7f31bc584000 ---p 00016000 08:01 137218                     /lib/x86_64-linux-gnu/libnsl-2.23.so
7f31bc584000-7f31bc585000 r--p 00015000 08:01 137218                     /lib/x86_64-linux-gnu/libnsl-2.23.so
7f31bc585000-7f31bc586000 rw-p 00016000 08:01 137218                     /lib/x86_64-linux-gnu/libnsl-2.23.so
7f31bc586000-7f31bc588000 rw-p 00000000 00:00 0 
7f31bc588000-7f31bc590000 r-xp 00000000 08:01 137220                     /lib/x86_64-linux-gnu/libnss_compat-2.23.so
7f31bc590000-7f31bc78f000 ---p 00008000 08:01 137220                     /lib/x86_64-linux-gnu/libnss_compat-2.23.so
7f31bc78f000-7f31bc790000 r--p 00007000 08:01 137220                     /lib/x86_64-linux-gnu/libnss_compat-2.23.so
7f31bc790000-7f31bc791000 rw-p 00008000 08:01 137220                     /lib/x86_64-linux-gnu/libnss_compat-2.23.so
7f31bc791000-7f31bc7be000 r-xp 00000000 08:01 287166                     /usr/lib/jvm/java-8-openjdk-amd64/jre/lib/amd64/libjava.so
7f31bc7be000-7f31bc9bd000 ---p 0002d000 08:01 287166                     /usr/lib/jvm/java-8-openjdk-amd64/jre/lib/amd64/libjava.so
7f31bc9bd000-7f31bc9be000 r--p 0002c000 08:01 287166                     /usr/lib/jvm/java-8-openjdk-amd64/jre/lib/amd64/libjava.so
7f31bc9be000-7f31bc9c0000 rw-p 0002d000 08:01 287166                     /usr/lib/jvm/java-8-openjdk-amd64/jre/lib/amd64/libjava.so
7f31bc9c0000-7f31bc9cf000 r-xp 00000000 08:01 287183                     /usr/lib/jvm/java-8-openjdk-amd64/jre/lib/amd64/libverify.so
7f31bc9cf000-7f31bcbce000 ---p 0000f000 08:01 287183                     /usr/lib/jvm/java-8-openjdk-amd64/jre/lib/amd64/libverify.so
7f31bcbce000-7f31bcbd0000 r--p 0000e000 08:01 287183                     /usr/lib/jvm/java-8-openjdk-amd64/jre/lib/amd64/libverify.so
7f31bcbd0000-7f31bcbd1000 rw-p 00010000 08:01 287183                     /usr/lib/jvm/java-8-openjdk-amd64/jre/lib/amd64/libverify.so
7f31bcbd1000-7f31bcbd8000 r-xp 00000000 08:01 137279                     /lib/x86_64-linux-gnu/librt-2.23.so
7f31bcbd8000-7f31bcdd7000 ---p 00007000 08:01 137279                     /lib/x86_64-linux-gnu/librt-2.23.so
7f31bcdd7000-7f31bcdd8000 r--p 00006000 08:01 137279                     /lib/x86_64-linux-gnu/librt-2.23.so
7f31bcdd8000-7f31bcdd9000 rw-p 00007000 08:01 137279                     /lib/x86_64-linux-gnu/librt-2.23.so
7f31bcdd9000-7f31bcdef000 r-xp 00000000 08:01 137163                     /lib/x86_64-linux-gnu/libgcc_s.so.1
7f31bcdef000-7f31bcfee000 ---p 00016000 08:01 137163                     /lib/x86_64-linux-gnu/libgcc_s.so.1
7f31bcfee000-7f31bcfef000 rw-p 00015000 08:01 137163                     /lib/x86_64-linux-gnu/libgcc_s.so.1
7f31bcfef000-7f31bd0f7000 r-xp 00000000 08:01 137195                     /lib/x86_64-linux-gnu/libm-2.23.so
7f31bd0f7000-7f31bd2f6000 ---p 00108000 08:01 137195                     /lib/x86_64-linux-gnu/libm-2.23.so
7f31bd2f6000-7f31bd2f7000 r--p 00107000 08:01 137195                     /lib/x86_64-linux-gnu/libm-2.23.so
7f31bd2f7000-7f31bd2f8000 rw-p 00108000 08:01 137195                     /lib/x86_64-linux-gnu/libm-2.23.so
7f31bd2f8000-7f31bd46a000 r-xp 00000000 08:01 212                        /usr/lib/x86_64-linux-gnu/libstdc++.so.6.0.21
7f31bd46a000-7f31bd66a000 ---p 00172000 08:01 212                        /usr/lib/x86_64-linux-gnu/libstdc++.so.6.0.21
7f31bd66a000-7f31bd674000 r--p 00172000 08:01 212                        /usr/lib/x86_64-linux-gnu/libstdc++.so.6.0.21
7f31bd674000-7f31bd676000 rw-p 0017c000 08:01 212                        /usr/lib/x86_64-linux-gnu/libstdc++.so.6.0.21
7f31bd676000-7f31bd67a000 rw-p 00000000 00:00 0 
7f31bd67a000-7f31be2cc000 r-xp 00000000 08:01 287177                     /usr/lib/jvm/java-8-openjdk-amd64/jre/lib/amd64/server/libjvm.so
7f31be2cc000-7f31be4cc000 ---p 00c52000 08:01 287177                     /usr/lib/jvm/java-8-openjdk-amd64/jre/lib/amd64/server/libjvm.so
7f31be4cc000-7f31be55f000 r--p 00c52000 08:01 287177                     /usr/lib/jvm/java-8-openjdk-amd64/jre/lib/amd64/server/libjvm.so
7f31be55f000-7f31be588000 rw-p 00ce5000 08:01 287177                     /usr/lib/jvm/java-8-openjdk-amd64/jre/lib/amd64/server/libjvm.so
7f31be588000-7f31be5b8000 rw-p 00000000 00:00 0 
7f31be5b8000-7f31be5d0000 r-xp 00000000 08:01 137271                     /lib/x86_64-linux-gnu/libpthread-2.23.so
7f31be5d0000-7f31be7cf000 ---p 00018000 08:01 137271                     /lib/x86_64-linux-gnu/libpthread-2.23.so
7f31be7cf000-7f31be7d0000 r--p 00017000 08:01 137271                     /lib/x86_64-linux-gnu/libpthread-2.23.so
7f31be7d0000-7f31be7d1000 rw-p 00018000 08:01 137271                     /lib/x86_64-linux-gnu/libpthread-2.23.so
7f31be7d1000-7f31be7d5000 rw-p 00000000 00:00 0 
7f31be7d5000-7f31be7d8000 r-xp 00000000 08:01 137149                     /lib/x86_64-linux-gnu/libdl-2.23.so
7f31be7d8000-7f31be9d7000 ---p 00003000 08:01 137149                     /lib/x86_64-linux-gnu/libdl-2.23.so
7f31be9d7000-7f31be9d8000 r--p 00002000 08:01 137149                     /lib/x86_64-linux-gnu/libdl-2.23.so
7f31be9d8000-7f31be9d9000 rw-p 00003000 08:01 137149                     /lib/x86_64-linux-gnu/libdl-2.23.so
7f31be9d9000-7f31be9f2000 r-xp 00000000 08:01 137316                     /lib/x86_64-linux-gnu/libz.so.1.2.8
7f31be9f2000-7f31bebf1000 ---p 00019000 08:01 137316                     /lib/x86_64-linux-gnu/libz.so.1.2.8
7f31bebf1000-7f31bebf2000 r--p 00018000 08:01 137316                     /lib/x86_64-linux-gnu/libz.so.1.2.8
7f31bebf2000-7f31bebf3000 rw-p 00019000 08:01 137316                     /lib/x86_64-linux-gnu/libz.so.1.2.8
7f31bebf3000-7f31bedb3000 r-xp 00000000 08:01 137125                     /lib/x86_64-linux-gnu/libc-2.23.so
7f31bedb3000-7f31befb3000 ---p 001c0000 08:01 137125                     /lib/x86_64-linux-gnu/libc-2.23.so
7f31befb3000-7f31befb7000 r--p 001c0000 08:01 137125                     /lib/x86_64-linux-gnu/libc-2.23.so
7f31befb7000-7f31befb9000 rw-p 001c4000 08:01 137125                     /lib/x86_64-linux-gnu/libc-2.23.so
7f31befb9000-7f31befbd000 rw-p 00000000 00:00 0 
7f31befbd000-7f31befca000 r-xp 00000000 08:01 287181                     /usr/lib/jvm/java-8-openjdk-amd64/jre/lib/amd64/jli/libjli.so
7f31befca000-7f31bf1ca000 ---p 0000d000 08:01 287181                     /usr/lib/jvm/java-8-openjdk-amd64/jre/lib/amd64/jli/libjli.so
7f31bf1ca000-7f31bf1cb000 r--p 0000d000 08:01 287181                     /usr/lib/jvm/java-8-openjdk-amd64/jre/lib/amd64/jli/libjli.so
7f31bf1cb000-7f31bf1cc000 rw-p 0000e000 08:01 287181                     /usr/lib/jvm/java-8-openjdk-amd64/jre/lib/amd64/jli/libjli.so
7f31bf1cc000-7f31bf1f2000 r-xp 00000000 08:01 137097                     /lib/x86_64-linux-gnu/ld-2.23.so
7f31bf1f2000-7f31bf1f3000 r--s 0000a000 08:01 287146                     /usr/lib/jvm/java-8-openjdk-amd64/jre/lib/ext/jaccess.jar
7f31bf1f3000-7f31bf2d3000 rw-p 00000000 00:00 0 
7f31bf2d3000-7f31bf2d6000 ---p 00000000 00:00 0 
7f31bf2d6000-7f31bf3d9000 rw-p 00000000 00:00 0 
7f31bf3d9000-7f31bf3db000 r--s 00008000 08:01 287143                     /usr/lib/jvm/java-8-openjdk-amd64/jre/lib/ext/sunec.jar
7f31bf3db000-7f31bf3e5000 r--s 00116000 08:01 287144                     /usr/lib/jvm/java-8-openjdk-amd64/jre/lib/ext/localedata.jar
7f31bf3e5000-7f31bf3ed000 rw-s 00000000 08:01 4883                       /tmp/hsperfdata_student/5853
7f31bf3ed000-7f31bf3ee000 rw-p 00000000 00:00 0 
7f31bf3ee000-7f31bf3ef000 ---p 00000000 00:00 0 
7f31bf3ef000-7f31bf3f1000 rw-p 00000000 00:00 0 
7f31bf3f1000-7f31bf3f2000 r--p 00025000 08:01 137097                     /lib/x86_64-linux-gnu/ld-2.23.so
7f31bf3f2000-7f31bf3f3000 rw-p 00026000 08:01 137097                     /lib/x86_64-linux-gnu/ld-2.23.so
7f31bf3f3000-7f31bf3f4000 rw-p 00000000 00:00 0 
7ffef5456000-7ffef5477000 rw-p 00000000 00:00 0                          [stack]
7ffef54db000-7ffef54dd000 r--p 00000000 00:00 0                          [vvar]
7ffef54dd000-7ffef54df000 r-xp 00000000 00:00 0                          [vdso]
ffffffffff600000-ffffffffff601000 r-xp 00000000 00:00 0                  [vsyscall]

VM Arguments:
jvm_args: -Dorg.gradle.appname=gradle 
java_command: org.gradle.launcher.GradleMain build -x test
java_class_path (initial): /usr/share/gradle/lib/gradle-launcher-2.10.jar
Launcher Type: SUN_STANDARD

Environment Variables:
PATH=/home/student/bin:/home/student/.local/bin:/usr/local/sbin:/usr/local/bin:/usr/sbin:/usr/bin:/sbin:/bin:/usr/games:/usr/local/games:/snap/bin
SHELL=/bin/bash
DISPLAY=:0

Signal Handlers:
SIGSEGV: [libjvm.so+0xa69040], sa_mask[0]=11111111011111111101111111111110, sa_flags=SA_RESTART|SA_SIGINFO
SIGBUS: [libjvm.so+0xa69040], sa_mask[0]=11111111011111111101111111111110, sa_flags=SA_RESTART|SA_SIGINFO
SIGFPE: [libjvm.so+0x8b2170], sa_mask[0]=11111111011111111101111111111110, sa_flags=SA_RESTART|SA_SIGINFO
SIGPIPE: [libjvm.so+0x8b2170], sa_mask[0]=11111111011111111101111111111110, sa_flags=SA_RESTART|SA_SIGINFO
SIGXFSZ: [libjvm.so+0x8b2170], sa_mask[0]=11111111011111111101111111111110, sa_flags=SA_RESTART|SA_SIGINFO
SIGILL: [libjvm.so+0x8b2170], sa_mask[0]=11111111011111111101111111111110, sa_flags=SA_RESTART|SA_SIGINFO
SIGUSR1: SIG_DFL, sa_mask[0]=00000000000000000000000000000000, sa_flags=none
SIGUSR2: [libjvm.so+0x8b2020], sa_mask[0]=00000000000000000000000000000000, sa_flags=SA_RESTART|SA_SIGINFO
SIGHUP: [libjvm.so+0x8b24f0], sa_mask[0]=11111111011111111101111111111110, sa_flags=SA_RESTART|SA_SIGINFO
SIGINT: [libjvm.so+0x8b24f0], sa_mask[0]=11111111011111111101111111111110, sa_flags=SA_RESTART|SA_SIGINFO
SIGTERM: [libjvm.so+0x8b24f0], sa_mask[0]=11111111011111111101111111111110, sa_flags=SA_RESTART|SA_SIGINFO
SIGQUIT: [libjvm.so+0x8b24f0], sa_mask[0]=11111111011111111101111111111110, sa_flags=SA_RESTART|SA_SIGINFO


---------------  S Y S T E M  ---------------

OS:DISTRIB_ID=Ubuntu
DISTRIB_RELEASE=16.04
DISTRIB_CODENAME=xenial
DISTRIB_DESCRIPTION="Ubuntu 16.04.3 LTS"

uname:Linux 4.10.0-42-generic #46~16.04.1-Ubuntu SMP Mon Dec 4 15:57:59 UTC 2017 x86_64
libc:glibc 2.23 NPTL 2.23 
rlimit: STACK 8192k, CORE 0k, NPROC 11848, NOFILE 1048576, AS infinity
load average:0.73 0.85 0.63

/proc/meminfo:
MemTotal:        3077996 kB
MemFree:           62920 kB
MemAvailable:       2504 kB
Buffers:             228 kB
Cached:            24756 kB
SwapCached:        12356 kB
Active:          2229400 kB
Inactive:         633400 kB
Active(anon):    2224000 kB
Inactive(anon):   627692 kB
Active(file):       5400 kB
Inactive(file):     5708 kB
Unevictable:          32 kB
Mlocked:              32 kB
SwapTotal:       1045500 kB
SwapFree:              0 kB
Dirty:                84 kB
Writeback:             0 kB
AnonPages:       2825712 kB
Mapped:            22736 kB
Shmem:             13776 kB
Slab:              73532 kB
SReclaimable:      26768 kB
SUnreclaim:        46764 kB
KernelStack:        9728 kB
PageTables:        37980 kB
NFS_Unstable:          0 kB
Bounce:                0 kB
WritebackTmp:          0 kB
CommitLimit:     2584496 kB
Committed_AS:    7231352 kB
VmallocTotal:   34359738367 kB
VmallocUsed:           0 kB
VmallocChunk:          0 kB
HardwareCorrupted:     0 kB
AnonHugePages:   1075200 kB
ShmemHugePages:        0 kB
ShmemPmdMapped:        0 kB
CmaTotal:              0 kB
CmaFree:               0 kB
HugePages_Total:       0
HugePages_Free:        0
HugePages_Rsvd:        0
HugePages_Surp:        0
Hugepagesize:       2048 kB
DirectMap4k:      139200 kB
DirectMap2M:     3006464 kB


CPU:total 2 (initial active 2) (2 cores per cpu, 1 threads per core) family 6 model 142 stepping 9, cmov, cx8, fxsr, mmx, sse, sse2, sse3, ssse3, sse4.1, sse4.2, popcnt, avx, avx2, aes, clmul, 3dnowpref, lzcnt, tsc, tscinvbit

/proc/cpuinfo:
processor	: 0
vendor_id	: GenuineIntel
cpu family	: 6
model		: 142
model name	: Intel(R) Core(TM) i7-7500U CPU @ 2.70GHz
stepping	: 9
cpu MHz		: 2904.002
cache size	: 4096 KB
physical id	: 0
siblings	: 2
core id		: 0
cpu cores	: 2
apicid		: 0
initial apicid	: 0
fpu		: yes
fpu_exception	: yes
cpuid level	: 22
wp		: yes
flags		: fpu vme de pse tsc msr pae mce cx8 apic sep mtrr pge mca cmov pat pse36 clflush mmx fxsr sse sse2 ht syscall nx rdtscp lm constant_tsc rep_good nopl xtopology nonstop_tsc pni pclmulqdq ssse3 cx16 sse4_1 sse4_2 movbe popcnt aes xsave avx rdrand hypervisor lahf_lm abm 3dnowprefetch avx2 rdseed clflushopt
bugs		:
bogomips	: 5808.00
clflush size	: 64
cache_alignment	: 64
address sizes	: 39 bits physical, 48 bits virtual
power management:

processor	: 1
vendor_id	: GenuineIntel
cpu family	: 6
model		: 142
model name	: Intel(R) Core(TM) i7-7500U CPU @ 2.70GHz
stepping	: 9
cpu MHz		: 2904.002
cache size	: 4096 KB
physical id	: 0
siblings	: 2
core id		: 1
cpu cores	: 2
apicid		: 1
initial apicid	: 1
fpu		: yes
fpu_exception	: yes
cpuid level	: 22
wp		: yes
flags		: fpu vme de pse tsc msr pae mce cx8 apic sep mtrr pge mca cmov pat pse36 clflush mmx fxsr sse sse2 ht syscall nx rdtscp lm constant_tsc rep_good nopl xtopology nonstop_tsc pni pclmulqdq ssse3 cx16 sse4_1 sse4_2 movbe popcnt aes xsave avx rdrand hypervisor lahf_lm abm 3dnowprefetch avx2 rdseed clflushopt
bugs		:
bogomips	: 5808.00
clflush size	: 64
cache_alignment	: 64
address sizes	: 39 bits physical, 48 bits virtual
power management:



Memory: 4k page, physical 3077996k(62920k free), swap 1045500k(0k free)

vm_info: OpenJDK 64-Bit Server VM (25.151-b12) for linux-amd64 JRE (1.8.0_151-8u151-b12-0ubuntu0.16.04.2-b12), built on Oct 27 2017 21:59:02 by "buildd" with gcc 5.4.0 20160609

time: Wed Jan 31 19:43:20 2018
elapsed time: 7 seconds (0d 0h 0m 7s)

